2025-09-26 23:26:10,150 - INFO - Browser setup completed
2025-09-26 23:26:10,151 - INFO - Attempting login...
2025-09-26 23:26:15,175 - INFO - Login successful
2025-09-26 23:26:15,176 - INFO - Navigating to reports...
2025-09-26 23:26:20,682 - INFO - Successfully navigated to reports
2025-09-26 23:26:20,683 - INFO - Extracting account list...
2025-09-26 23:26:20,743 - INFO - Found 528 accounts
2025-09-26 23:26:20,744 - INFO - Processing 1 accounts for 30 days
2025-09-26 23:26:20,744 - INFO - Processing account: 50 EGGS HOSPITALITY GROUP
2025-09-26 23:26:20,744 - INFO - Generating report for 50 EGGS HOSPITALITY GROUP from 09/01/2025 to 09/01/2025
2025-09-26 23:26:30,529 - INFO - Generating report for 50 EGGS HOSPITALITY GROUP from 09/02/2025 to 09/02/2025
2025-09-26 23:26:39,853 - INFO - Generating report for 50 EGGS HOSPITALITY GROUP from 09/03/2025 to 09/03/2025
2025-09-26 23:26:49,233 - INFO - Generating report for 50 EGGS HOSPITALITY GROUP from 09/04/2025 to 09/04/2025
2025-09-26 23:26:58,597 - INFO - Generating report for 50 EGGS HOSPITALITY GROUP from 09/05/2025 to 09/05/2025
2025-09-26 23:27:08,052 - INFO - Generating report for 50 EGGS HOSPITALITY GROUP from 09/06/2025 to 09/06/2025
2025-09-26 23:27:17,354 - INFO - Generating report for 50 EGGS HOSPITALITY GROUP from 09/07/2025 to 09/07/2025
2025-09-26 23:27:26,718 - INFO - Generating report for 50 EGGS HOSPITALITY GROUP from 09/08/2025 to 09/08/2025
2025-09-26 23:27:36,031 - INFO - Generating report for 50 EGGS HOSPITALITY GROUP from 09/09/2025 to 09/09/2025
2025-09-26 23:27:45,466 - INFO - Generating report for 50 EGGS HOSPITALITY GROUP from 09/10/2025 to 09/10/2025
2025-09-26 23:27:54,711 - INFO - Generating report for 50 EGGS HOSPITALITY GROUP from 09/11/2025 to 09/11/2025
2025-09-26 23:28:04,172 - INFO - Generating report for 50 EGGS HOSPITALITY GROUP from 09/12/2025 to 09/12/2025
2025-09-26 23:28:13,426 - INFO - Generating report for 50 EGGS HOSPITALITY GROUP from 09/13/2025 to 09/13/2025
2025-09-26 23:28:23,395 - INFO - Generating report for 50 EGGS HOSPITALITY GROUP from 09/14/2025 to 09/14/2025
2025-09-26 23:28:32,529 - INFO - Generating report for 50 EGGS HOSPITALITY GROUP from 09/15/2025 to 09/15/2025
2025-09-26 23:28:42,027 - INFO - Generating report for 50 EGGS HOSPITALITY GROUP from 09/16/2025 to 09/16/2025
2025-09-26 23:28:51,204 - INFO - Generating report for 50 EGGS HOSPITALITY GROUP from 09/17/2025 to 09/17/2025
2025-09-26 23:29:00,537 - INFO - Generating report for 50 EGGS HOSPITALITY GROUP from 09/18/2025 to 09/18/2025
2025-09-26 23:29:10,297 - INFO - Generating report for 50 EGGS HOSPITALITY GROUP from 09/19/2025 to 09/19/2025
2025-09-26 23:29:19,676 - INFO - Generating report for 50 EGGS HOSPITALITY GROUP from 09/20/2025 to 09/20/2025
2025-09-26 23:29:29,100 - INFO - Generating report for 50 EGGS HOSPITALITY GROUP from 09/21/2025 to 09/21/2025
2025-09-26 23:29:38,685 - INFO - Generating report for 50 EGGS HOSPITALITY GROUP from 09/22/2025 to 09/22/2025
2025-09-26 23:29:48,267 - INFO - Generating report for 50 EGGS HOSPITALITY GROUP from 09/23/2025 to 09/23/2025
2025-09-26 23:29:58,031 - INFO - Generating report for 50 EGGS HOSPITALITY GROUP from 09/24/2025 to 09/24/2025
2025-09-26 23:30:07,765 - INFO - Generating report for 50 EGGS HOSPITALITY GROUP from 09/25/2025 to 09/25/2025
2025-09-26 23:30:17,183 - INFO - Generating report for 50 EGGS HOSPITALITY GROUP from 09/26/2025 to 09/26/2025
2025-09-26 23:30:26,657 - INFO - Generating report for 50 EGGS HOSPITALITY GROUP from 09/27/2025 to 09/27/2025
2025-09-26 23:30:36,342 - INFO - Generating report for 50 EGGS HOSPITALITY GROUP from 09/28/2025 to 09/28/2025
2025-09-26 23:30:45,538 - INFO - Generating report for 50 EGGS HOSPITALITY GROUP from 09/29/2025 to 09/29/2025
2025-09-26 23:30:54,896 - INFO - Generating report for 50 EGGS HOSPITALITY GROUP from 09/30/2025 to 09/30/2025
2025-09-26 23:31:04,500 - INFO - Data collection completed
2025-09-26 23:31:04,500 - INFO - Exporting data to parking_reports.xlsx
2025-09-26 23:31:05,326 - INFO - Successfully exported data to parking_reports.xlsx
2025-09-26 23:31:05,326 - INFO - Process completed successfully
